# JRE version: Java(TM) SE Runtime Environment (8.0_91-b14) (build 1.8.0_91-b14)
# Java VM: Java HotSpot(TM) 64-Bit Server VM (25.91-b14 mixed mode windows-amd64 compressed oops)
Heap:
 PSYoungGen      total 416768K, used 209637K [0x000000076af00000, 0x000000078a580000, 0x00000007c0000000)
  eden space 402944K, 52% used [0x000000076af00000,0x0000000777bb96f8,0x0000000783880000)
  from space 13824K, 0% used [0x0000000783880000,0x0000000783880000,0x0000000784600000)
  to   space 17920K, 0% used [0x0000000789400000,0x0000000789400000,0x000000078a580000)
 ParOldGen       total 2011648K, used 1878882K [0x00000006c0c00000, 0x000000073b880000, 0x000000076af00000)
  object space 2011648K, 93% used [0x00000006c0c00000,0x00000007336d8b20,0x000000073b880000)
 Metaspace       used 65593K, capacity 68686K, committed 68952K, reserved 1110016K
  class space    used 8297K, capacity 8776K, committed 8832K, reserved 1048576K
GC Heap History (10 events):
Event: 3.568 GC heap before
{Heap before GC invocations=8 (full 1):
 PSYoungGen      total 244224K, used 67733K [0x000000076af00000, 0x000000077ad80000, 0x00000007c0000000)
  eden space 232960K, 24% used [0x000000076af00000,0x000000076e65df88,0x0000000779280000)
  from space 11264K, 97% used [0x000000077a280000,0x000000077ad47630,0x000000077ad80000)
  to   space 12800K, 0% used [0x0000000779480000,0x0000000779480000,0x000000077a100000)
 ParOldGen       total 80896K, used 4997K [0x00000006c0c00000, 0x00000006c5b00000, 0x000000076af00000)
  object space 80896K, 6% used [0x00000006c0c00000,0x00000006c10e17a8,0x00000006c5b00000)
 Metaspace       used 33794K, capacity 35376K, committed 35416K, reserved 1079296K
  class space    used 4400K, capacity 4726K, committed 4736K, reserved 1048576K
Event: 3.574 GC heap after
Heap after GC invocations=8 (full 1):
 PSYoungGen      total 247808K, used 8913K [0x000000076af00000, 0x0000000785400000, 0x00000007c0000000)
  eden space 235008K, 0% used [0x000000076af00000,0x000000076af00000,0x0000000779480000)
  from space 12800K, 69% used [0x0000000779480000,0x0000000779d345d8,0x000000077a100000)
  to   space 12800K, 0% used [0x0000000784780000,0x0000000784780000,0x0000000785400000)
 ParOldGen       total 80896K, used 5005K [0x00000006c0c00000, 0x00000006c5b00000, 0x000000076af00000)
  object space 80896K, 6% used [0x00000006c0c00000,0x00000006c10e37a8,0x00000006c5b00000)
 Metaspace       used 33794K, capacity 35376K, committed 35416K, reserved 1079296K
  class space    used 4400K, capacity 4726K, committed 4736K, reserved 1048576K
}
Event: 3.575 GC heap before
{Heap before GC invocations=9 (full 2):
 PSYoungGen      total 247808K, used 8913K [0x000000076af00000, 0x0000000785400000, 0x00000007c0000000)
  eden space 235008K, 0% used [0x000000076af00000,0x000000076af00000,0x0000000779480000)
  from space 12800K, 69% used [0x0000000779480000,0x0000000779d345d8,0x000000077a100000)
  to   space 12800K, 0% used [0x0000000784780000,0x0000000784780000,0x0000000785400000)
 ParOldGen       total 80896K, used 5005K [0x00000006c0c00000, 0x00000006c5b00000, 0x000000076af00000)
  object space 80896K, 6% used [0x00000006c0c00000,0x00000006c10e37a8,0x00000006c5b00000)
 Metaspace       used 33794K, capacity 35376K, committed 35416K, reserved 1079296K
  class space    used 4400K, capacity 4726K, committed 4736K, reserved 1048576K
Event: 3.644 GC heap after
Heap after GC invocations=9 (full 2):
 PSYoungGen      total 247808K, used 0K [0x000000076af00000, 0x0000000785400000, 0x00000007c0000000)
  eden space 235008K, 0% used [0x000000076af00000,0x000000076af00000,0x0000000779480000)
  from space 12800K, 0% used [0x0000000779480000,0x0000000779480000,0x000000077a100000)
  to   space 12800K, 0% used [0x0000000784780000,0x0000000784780000,0x0000000785400000)
 ParOldGen       total 117760K, used 13207K [0x00000006c0c00000, 0x00000006c7f00000, 0x000000076af00000)
  object space 117760K, 11% used [0x00000006c0c00000,0x00000006c18e5cb8,0x00000006c7f00000)
 Metaspace       used 33794K, capacity 35376K, committed 35416K, reserved 1079296K
  class space    used 4400K, capacity 4726K, committed 4736K, reserved 1048576K
}
Event: 5.094 GC heap before
{Heap before GC invocations=10 (full 2):
 PSYoungGen      total 247808K, used 235008K [0x000000076af00000, 0x0000000785400000, 0x00000007c0000000)
  eden space 235008K, 100% used [0x000000076af00000,0x0000000779480000,0x0000000779480000)
  from space 12800K, 0% used [0x0000000779480000,0x0000000779480000,0x000000077a100000)
  to   space 12800K, 0% used [0x0000000784780000,0x0000000784780000,0x0000000785400000)
 ParOldGen       total 117760K, used 13207K [0x00000006c0c00000, 0x00000006c7f00000, 0x000000076af00000)
  object space 117760K, 11% used [0x00000006c0c00000,0x00000006c18e5cb8,0x00000006c7f00000)
 Metaspace       used 45558K, capacity 47568K, committed 47832K, reserved 1091584K
  class space    used 5899K, capacity 6288K, committed 6400K, reserved 1048576K
Event: 5.103 GC heap after
Heap after GC invocations=10 (full 2):
 PSYoungGen      total 380928K, used 11800K [0x000000076af00000, 0x0000000785380000, 0x00000007c0000000)
  eden space 368640K, 0% used [0x000000076af00000,0x000000076af00000,0x0000000781700000)
  from space 12288K, 96% used [0x0000000784780000,0x00000007853060f8,0x0000000785380000)
  to   space 13824K, 0% used [0x0000000783880000,0x0000000783880000,0x0000000784600000)
 ParOldGen       total 117760K, used 13279K [0x00000006c0c00000, 0x00000006c7f00000, 0x000000076af00000)
  object space 117760K, 11% used [0x00000006c0c00000,0x00000006c18f7cc8,0x00000006c7f00000)
 Metaspace       used 45558K, capacity 47568K, committed 47832K, reserved 1091584K
  class space    used 5899K, capacity 6288K, committed 6400K, reserved 1048576K
}
Event: 524.139 GC heap before
{Heap before GC invocations=11 (full 2):
 PSYoungGen      total 380928K, used 298283K [0x000000076af00000, 0x0000000785380000, 0x00000007c0000000)
  eden space 368640K, 77% used [0x000000076af00000,0x000000077c6c4e40,0x0000000781700000)
  from space 12288K, 96% used [0x0000000784780000,0x00000007853060f8,0x0000000785380000)
  to   space 13824K, 0% used [0x0000000783880000,0x0000000783880000,0x0000000784600000)
 ParOldGen       total 117760K, used 13279K [0x00000006c0c00000, 0x00000006c7f00000, 0x000000076af00000)
  object space 117760K, 11% used [0x00000006c0c00000,0x00000006c18f7cc8,0x00000006c7f00000)
 Metaspace       used 56063K, capacity 58826K, committed 58968K, reserved 1099776K
  class space    used 7217K, capacity 7687K, committed 7808K, reserved 1048576K
Event: 524.154 GC heap after
Heap after GC invocations=11 (full 2):
 PSYoungGen      total 416768K, used 13819K [0x000000076af00000, 0x000000078a580000, 0x00000007c0000000)
  eden space 402944K, 0% used [0x000000076af00000,0x000000076af00000,0x0000000783880000)
  from space 13824K, 99% used [0x0000000783880000,0x00000007845fee68,0x0000000784600000)
  to   space 17920K, 0% used [0x0000000789400000,0x0000000789400000,0x000000078a580000)
 ParOldGen       total 117760K, used 19841K [0x00000006c0c00000, 0x00000006c7f00000, 0x000000076af00000)
  object space 117760K, 16% used [0x00000006c0c00000,0x00000006c1f60430,0x00000006c7f00000)
 Metaspace       used 56063K, capacity 58826K, committed 58968K, reserved 1099776K
  class space    used 7217K, capacity 7687K, committed 7808K, reserved 1048576K
}
Event: 524.154 GC heap before
{Heap before GC invocations=12 (full 3):
 PSYoungGen      total 416768K, used 13819K [0x000000076af00000, 0x000000078a580000, 0x00000007c0000000)
  eden space 402944K, 0% used [0x000000076af00000,0x000000076af00000,0x0000000783880000)
  from space 13824K, 99% used [0x0000000783880000,0x00000007845fee68,0x0000000784600000)
  to   space 17920K, 0% used [0x0000000789400000,0x0000000789400000,0x000000078a580000)
 ParOldGen       total 117760K, used 19841K [0x00000006c0c00000, 0x00000006c7f00000, 0x000000076af00000)
  object space 117760K, 16% used [0x00000006c0c00000,0x00000006c1f60430,0x00000006c7f00000)
 Metaspace       used 56063K, capacity 58826K, committed 58968K, reserved 1099776K
  class space    used 7217K, capacity 7687K, committed 7808K, reserved 1048576K
Event: 524.282 GC heap after
Heap after GC invocations=12 (full 3):
 PSYoungGen      total 416768K, used 0K [0x000000076af00000, 0x000000078a580000, 0x00000007c0000000)
  eden space 402944K, 0% used [0x000000076af00000,0x000000076af00000,0x0000000783880000)
  from space 13824K, 0% used [0x0000000783880000,0x0000000783880000,0x0000000784600000)
  to   space 17920K, 0% used [0x0000000789400000,0x0000000789400000,0x000000078a580000)
 ParOldGen       total 161792K, used 29051K [0x00000006c0c00000, 0x00000006caa00000, 0x000000076af00000)
  object space 161792K, 17% used [0x00000006c0c00000,0x00000006c285ed38,0x00000006caa00000)
 Metaspace       used 56063K, capacity 58826K, committed 58968K, reserved 1099776K
  class space    used 7217K, capacity 7687K, committed 7808K, reserved 1048576K
}

